#
# A fatal error has been detected by the Java Runtime Environment:
#
#  SIGSEGV (0xb) at pc=0x00000001057429b4, pid=13606, tid=0x0000000000000307
#
# JRE version: Java(TM) SE Runtime Environment (8.0_121-b13) (build 1.8.0_121-b13)
# Java VM: Java HotSpot(TM) 64-Bit Server VM (25.121-b13 mixed mode bsd-amd64 compressed oops)
# Problematic frame:
# V  [libjvm.dylib+0x3429b4]
#
# Failed to write core dump. Core dumps have been disabled. To enable core dumping, try "ulimit -c unlimited" before starting Java again
#
# If you would like to submit a bug report, please visit:
#   http://bugreport.java.com/bugreport/crash.jsp
#

---------------  T H R E A D  ---------------

Current thread is native thread

siginfo: si_signo: 11 (SIGSEGV), si_code: 1 (SEGV_MAPERR), si_addr: 0x0000000000000038

Registers:
RAX=0x0000000000000000, RBX=0x00007fb27313ddd0, RCX=0x0000000000000057, RDX=0x0000000000000000
RSP=0x00007ffeeb86ae50, RBP=0x00007ffeeb86ae50, RSI=0x00007fb27313ddd0, RDI=0x0000000000000038
R8 =0x0000000000000071, R9 =0x0000000000000000, R10=0x00007fb271505ac0, R11=0x00000001313ec400
R12=0x0000000130eb3830, R13=0x00007fb27339e001, R14=0x00007fb2751d49f8, R15=0x0000000000000000
RIP=0x00000001057429b4, EFLAGS=0x0000000000010202, ERR=0x0000000000000004
  TRAPNO=0x000000000000000e

Top of Stack: (sp=0x00007ffeeb86ae50)
0x00007ffeeb86ae50:   00007ffeeb86ae80 00000001057235ba
0x00007ffeeb86ae60:   0000000000c0000d 0000000130f9d9d8
0x00007ffeeb86ae70:   0000000130fa36c8 0000000130eb3ae8
0x00007ffeeb86ae80:   00007ffeeb86aea0 0000000126ee458a
0x00007ffeeb86ae90:   0000000000000000 0000000130f9d9d8
0x00007ffeeb86aea0:   00007ffeeb86aec0 0000000126eea066
0x00007ffeeb86aeb0:   0000000130fa36c8 00000001308c11c0
0x00007ffeeb86aec0:   00007ffeeb86aee0 0000000126ee9ffe
0x00007ffeeb86aed0:   00000001278cdff0 00000001287ed958
0x00007ffeeb86aee0:   00007ffeeb86af10 000000012664cff0
0x00007ffeeb86aef0:   00007ffeeb86af20 00000001308c11c0
0x00007ffeeb86af00:   00000000000002d0 00000001308c0001
0x00007ffeeb86af10:   00007ffeeb86af60 000000012738f267
0x00007ffeeb86af20:   00007ffeeb86af60 0000000130eb3800
0x00007ffeeb86af30:   0000000000000000 0000000130eb3800
0x00007ffeeb86af40:   00000001287de0e0 00007fb27339e008
0x00007ffeeb86af50:   00000001308c00c8 0000000000000000
0x00007ffeeb86af60:   00007ffeeb86af90 000000012738f57f
0x00007ffeeb86af70:   0000000000000001 00000001308c0000
0x00007ffeeb86af80:   0000000000000000 0000000128419100
0x00007ffeeb86af90:   00007ffeeb86afb0 0000000127388c49
0x00007ffeeb86afa0:   00000001308c0000 00000001287f63f0
0x00007ffeeb86afb0:   00007ffeeb86afe0 00000001273865c0
0x00007ffeeb86afc0:   0000000000000001 00000001287f63f0
0x00007ffeeb86afd0:   0000000128419100 00007ffeeb86b018
0x00007ffeeb86afe0:   00007ffeeb86b000 00000001273864d8
0x00007ffeeb86aff0:   410ef0c3a9af69ff 00000001287f63f0
0x00007ffeeb86b000:   00007ffeeb86b040 00000001273849ea
0x00007ffeeb86b010:   00007ffeeb86b050 0000000128419100
0x00007ffeeb86b020:   00000001287de0e0 0000000127384940
0x00007ffeeb86b030:   00007fb27339dff0 00007fb271505a90
0x00007ffeeb86b040:   00007ffeeb86b050 00007fff32b319b9 

Instructions: (pc=0x00000001057429b4)
0x0000000105742994:   00 01 00 00 48 8d 0c c8 48 39 f1 77 e7 48 8b 80
0x00000001057429a4:   08 01 00 00 48 85 c0 75 df 48 81 c7 18 01 00 00
0x00000001057429b4:   48 8b 3f 48 85 ff 74 05 48 89 f8 eb e7 30 c0 0f
0x00000001057429c4:   b6 c0 5d c3 55 48 89 e5 48 8b 8f 08 01 00 00 48 

Register to memory mapping:

RAX=0x0000000000000000 is an unknown value
RBX=0x00007fb27313ddd0 is a global jni handle
RCX=0x0000000000000057 is an unknown value
RDX=0x0000000000000000 is an unknown value
RSP=0x00007ffeeb86ae50 is an unknown value
RBP=0x00007ffeeb86ae50 is an unknown value
RSI=0x00007fb27313ddd0 is a global jni handle
RDI=0x0000000000000038 is an unknown value
R8 =0x0000000000000071 is an unknown value
R9 =0x0000000000000000 is an unknown value
R10=0x00007fb271505ac0 is an unknown value
R11=0x00000001313ec400 is an unknown value
R12=0x0000000130eb3830 is an unknown value
R13=0x00007fb27339e001 is an unknown value
R14=0x00007fb2751d49f8 is an unknown value
R15=0x0000000000000000 is an unknown value


Stack: [0x00007ffeeb06f000,0x00007ffeeb86f000],  sp=0x00007ffeeb86ae50,  free space=8175k
Native frames: (J=compiled Java code, j=interpreted, Vv=VM code, C=native code)
V  [libjvm.dylib+0x3429b4]
V  [libjvm.dylib+0x3235ba]
C  [libjfxwebkit.dylib+0x96858a]  _ZN3JSC8Bindings14JobjectWrapperD1Ev+0x1a
C  [libjfxwebkit.dylib+0x96e066]  _ZN3JSC8Bindings12JavaInstanceD2Ev+0x46
C  [libjfxwebkit.dylib+0x96dffe]  _ZN3JSC8Bindings12JavaInstanceD0Ev+0xe
C  [libjfxwebkit.dylib+0xd0ff0]  _ZN3JSC8Bindings10RootObject8finalizeENS_6HandleINS_7UnknownEEEPv+0x20
C  [libjfxwebkit.dylib+0xe13267]  _ZN3JSC9WeakBlock5sweepEv+0x77
C  [libjfxwebkit.dylib+0xe1357f]  _ZN3JSC7WeakSet5sweepEv+0x2f
C  [libjfxwebkit.dylib+0xe0cc49]  _ZN3JSC11MarkedBlock5sweepENS0_9SweepModeE+0x19
C  [libjfxwebkit.dylib+0xe0a5c0]  _ZN3JSC18IncrementalSweeper14sweepNextBlockEv+0x60
C  [libjfxwebkit.dylib+0xe0a4d8]  _ZN3JSC18IncrementalSweeper7doSweepEd+0x18
C  [libjfxwebkit.dylib+0xe089ea]  _ZN3JSC9HeapTimer12timerDidFireEP16__CFRunLoopTimerPv+0xaa
C  [CoreFoundation+0x9e9b9]  __CFRUNLOOP_IS_CALLING_OUT_TO_A_TIMER_CALLBACK_FUNCTION__+0x14
C  [CoreFoundation+0x9e51f]  __CFRunLoopDoTimer+0x35b
C  [CoreFoundation+0x9e007]  __CFRunLoopDoTimers+0x142
C  [CoreFoundation+0x82daa]  __CFRunLoopRun+0x74f
C  [CoreFoundation+0x81ffe]  CFRunLoopRunSpecific+0x1ce
C  [java+0x6465]  CreateExecutionEnvironment+0x367
C  [java+0x218c]  JLI_Launch+0x7a0
C  [java+0x84c2]  main+0x65
C  [java+0x19e4]  start+0x34


---------------  P R O C E S S  ---------------

VM state:at safepoint (normal execution)

VM Mutex/Monitor currently owned by a thread:  ([mutex/lock_event])
[0x00007fb271508050] Threads_lock - owner thread: 0x00007fb272825000
[0x00007fb271508550] Heap_lock - owner thread: 0x00007fb273809000

Heap:
 PSYoungGen      total 76288K, used 11779K [0x000000076ab00000, 0x0000000770000000, 0x00000007c0000000)
  eden space 65536K, 17% used [0x000000076ab00000,0x000000076b680f58,0x000000076eb00000)
  from space 10752K, 0% used [0x000000076eb00000,0x000000076eb00000,0x000000076f580000)
  to   space 10752K, 0% used [0x000000076f580000,0x000000076f580000,0x0000000770000000)
 ParOldGen       total 73728K, used 7935K [0x00000006c0000000, 0x00000006c4800000, 0x000000076ab00000)
  object space 73728K, 10% used [0x00000006c0000000,0x00000006c07bfcd0,0x00000006c4800000)
 Metaspace       used 21330K, capacity 22330K, committed 22400K, reserved 1069056K
  class space    used 2941K, capacity 3167K, committed 3200K, reserved 1048576K

Card table byte_map: [0x0000000106822000,0x0000000107023000] byte_map_base: 0x0000000103222000

Marking Bits: (ParMarkBitMap*) 0x0000000105cf0d30
 Begin Bits: [0x0000000118a9b000, 0x000000011ca9b000)
 End Bits:   [0x000000011ca9b000, 0x0000000120a9b000)

Polling page: 0x00000001043ce000

CodeCache: size=245760Kb used=6214Kb max_used=6219Kb free=239545Kb
 bounds [0x0000000109a9b000, 0x000000010a0bb000, 0x0000000118a9b000]
 total_blobs=2590 nmethods=1853 adapters=658
 compilation: enabled

Compilation events (10 events):
Event: 31.943 Thread 0x00007fb27500c000 2015   !   4       java.util.concurrent.ConcurrentHashMap::putVal (362 bytes)
Event: 31.958 Thread 0x00007fb27500c000 nmethod 2015 0x000000010a0b0c90 code [0x000000010a0b0e80, 0x000000010a0b1e40]
Event: 31.968 Thread 0x00007fb27500b000 2017       3       java.security.AccessController::getContext (23 bytes)
Event: 31.969 Thread 0x00007fb273817800 2018       4       jdk.internal.org.objectweb.asm.ByteVector::put12 (64 bytes)
Event: 31.969 Thread 0x00007fb27500b000 nmethod 2017 0x000000010a0b0610 code [0x000000010a0b07a0, 0x000000010a0b0b38]
Event: 31.973 Thread 0x00007fb273817800 nmethod 2018 0x000000010a0ad210 code [0x000000010a0ad380, 0x000000010a0ad608]
Event: 31.974 Thread 0x00007fb27500b000 2019       3       java.lang.invoke.AbstractValidatingLambdaMetafactory::isAdaptableTo (126 bytes)
Event: 31.975 Thread 0x00007fb27500b000 nmethod 2019 0x000000010a0aee50 code [0x000000010a0af0c0, 0x000000010a0affe8]
Event: 31.976 Thread 0x00007fb27500b000 2020       1       java.util.concurrent.CopyOnWriteArrayList::getArray (5 bytes)
Event: 31.976 Thread 0x00007fb27500b000 nmethod 2020 0x000000010a0aeb90 code [0x000000010a0aece0, 0x000000010a0aedf0]

GC Heap History (4 events):
Event: 30.237 GC heap before
{Heap before GC invocations=1 (full 0):
 PSYoungGen      total 76288K, used 59613K [0x000000076ab00000, 0x0000000770000000, 0x00000007c0000000)
  eden space 65536K, 90% used [0x000000076ab00000,0x000000076e5376e8,0x000000076eb00000)
  from space 10752K, 0% used [0x000000076f580000,0x000000076f580000,0x0000000770000000)
  to   space 10752K, 0% used [0x000000076eb00000,0x000000076eb00000,0x000000076f580000)
 ParOldGen       total 175104K, used 0K [0x00000006c0000000, 0x00000006cab00000, 0x000000076ab00000)
  object space 175104K, 0% used [0x00000006c0000000,0x00000006c0000000,0x00000006cab00000)
 Metaspace       used 20365K, capacity 21142K, committed 21248K, reserved 1067008K
  class space    used 2837K, capacity 3002K, committed 3072K, reserved 1048576K
Event: 30.247 GC heap after
Heap after GC invocations=1 (full 0):
 PSYoungGen      total 76288K, used 8224K [0x000000076ab00000, 0x0000000770000000, 0x00000007c0000000)
  eden space 65536K, 0% used [0x000000076ab00000,0x000000076ab00000,0x000000076eb00000)
  from space 10752K, 76% used [0x000000076eb00000,0x000000076f308040,0x000000076f580000)
  to   space 10752K, 0% used [0x000000076f580000,0x000000076f580000,0x0000000770000000)
 ParOldGen       total 175104K, used 24K [0x00000006c0000000, 0x00000006cab00000, 0x000000076ab00000)
  object space 175104K, 0% used [0x00000006c0000000,0x00000006c0006000,0x00000006cab00000)
 Metaspace       used 20365K, capacity 21142K, committed 21248K, reserved 1067008K
  class space    used 2837K, capacity 3002K, committed 3072K, reserved 1048576K
}
Event: 30.247 GC heap before
{Heap before GC invocations=2 (full 1):
 PSYoungGen      total 76288K, used 8224K [0x000000076ab00000, 0x0000000770000000, 0x00000007c0000000)
  eden space 65536K, 0% used [0x000000076ab00000,0x000000076ab00000,0x000000076eb00000)
  from space 10752K, 76% used [0x000000076eb00000,0x000000076f308040,0x000000076f580000)
  to   space 10752K, 0% used [0x000000076f580000,0x000000076f580000,0x0000000770000000)
 ParOldGen       total 175104K, used 24K [0x00000006c0000000, 0x00000006cab00000, 0x000000076ab00000)
  object space 175104K, 0% used [0x00000006c0000000,0x00000006c0006000,0x00000006cab00000)
 Metaspace       used 20365K, capacity 21142K, committed 21248K, reserved 1067008K
  class space    used 2837K, capacity 3002K, committed 3072K, reserved 1048576K
Event: 30.271 GC heap after
Heap after GC invocations=2 (full 1):
 PSYoungGen      total 76288K, used 0K [0x000000076ab00000, 0x0000000770000000, 0x00000007c0000000)
  eden space 65536K, 0% used [0x000000076ab00000,0x000000076ab00000,0x000000076eb00000)
  from space 10752K, 0% used [0x000000076eb00000,0x000000076eb00000,0x000000076f580000)
  to   space 10752K, 0% used [0x000000076f580000,0x000000076f580000,0x0000000770000000)
 ParOldGen       total 73728K, used 7935K [0x00000006c0000000, 0x00000006c4800000, 0x000000076ab00000)
  object space 73728K, 10% used [0x00000006c0000000,0x00000006c07bfcd0,0x00000006c4800000)
 Metaspace       used 20365K, capacity 21142K, committed 21248K, reserved 1067008K
  class space    used 2837K, capacity 3002K, committed 3072K, reserved 1048576K
}

Deoptimization events (10 events):
Event: 29.968 Thread 0x00007fb27508a000 Uncommon trap: reason=bimorphic action=maybe_recompile pc=0x0000000109ed67b0 method=java.util.regex.Pattern$BmpCharProperty.match(Ljava/util/regex/Matcher;ILjava/lang/CharSequence;)Z @ 31
Event: 29.968 Thread 0x00007fb27508a000 Uncommon trap: reason=bimorphic action=maybe_recompile pc=0x0000000109ed67b0 method=java.util.regex.Pattern$BmpCharProperty.match(Ljava/util/regex/Matcher;ILjava/lang/CharSequence;)Z @ 31
Event: 29.968 Thread 0x00007fb27508a000 Uncommon trap: reason=bimorphic action=maybe_recompile pc=0x0000000109ed67b0 method=java.util.regex.Pattern$BmpCharProperty.match(Ljava/util/regex/Matcher;ILjava/lang/CharSequence;)Z @ 31
Event: 30.035 Thread 0x00007fb27508a000 Uncommon trap: reason=unstable_if action=reinterpret pc=0x0000000109eb269c method=java.lang.CharacterDataLatin1.digit(II)I @ 82
Event: 30.073 Thread 0x00007fb27508a000 Uncommon trap: reason=unstable_if action=reinterpret pc=0x0000000109eb1e74 method=java.lang.CharacterDataLatin1.digit(II)I @ 82
Event: 30.074 Thread 0x00007fb27508a000 Uncommon trap: reason=class_check action=maybe_recompile pc=0x0000000109e68f10 method=java.io.DataInputStream.readChar()C @ 4
Event: 30.074 Thread 0x00007fb27508a000 Uncommon trap: reason=class_check action=maybe_recompile pc=0x0000000109e68f10 method=java.io.DataInputStream.readChar()C @ 4
Event: 30.074 Thread 0x00007fb27508a000 Uncommon trap: reason=class_check action=maybe_recompile pc=0x0000000109e68f10 method=java.io.DataInputStream.readChar()C @ 4
Event: 30.074 Thread 0x00007fb27508a000 Uncommon trap: reason=class_check action=maybe_recompile pc=0x0000000109e68f10 method=java.io.DataInputStream.readChar()C @ 4
Event: 30.475 Thread 0x00007fb27285d000 Uncommon trap: reason=unstable_if action=reinterpret pc=0x0000000109d7bed0 method=java.lang.String.indexOf([CII[CIII)I @ 27

Internal exceptions (10 events):
Event: 0.545 Thread 0x00007fb2751d4800 Exception <a 'java/io/FileNotFoundException'> (0x000000076bd059a0) thrown at [/Users/java_re/workspace/8-2-build-macosx-x86_64/jdk8u121/8372/hotspot/src/share/vm/prims/jni.cpp, line 709]
Event: 0.742 Thread 0x00007fb2751d4800 Exception <a 'sun/nio/fs/UnixException'> (0x000000076c47f808) thrown at [/Users/java_re/workspace/8-2-build-macosx-x86_64/jdk8u121/8372/hotspot/src/share/vm/prims/jni.cpp, line 709]
Event: 0.743 Thread 0x00007fb2751d4800 Exception <a 'sun/nio/fs/UnixException'> (0x000000076c481600) thrown at [/Users/java_re/workspace/8-2-build-macosx-x86_64/jdk8u121/8372/hotspot/src/share/vm/prims/jni.cpp, line 709]
Event: 0.752 Thread 0x00007fb2751d4800 Implicit null exception at 0x0000000109d00ff6 to 0x0000000109d0156d
Event: 0.762 Thread 0x00007fb2729fb800 Implicit null exception at 0x0000000109cb2cf6 to 0x0000000109cb3235
Event: 30.367 Thread 0x00007fb2751d4800 Exception <a 'java/lang/NoSuchMethodError': org.slf4j.impl.StaticMDCBinder.getSingleton()Lorg/slf4j/impl/StaticMDCBinder;> (0x000000076ac00228) thrown at [/Users/java_re/workspace/8-2-build-macosx-x86_64/jdk8u121/8372/hotspot/src/share/vm/interpreter/link
Event: 30.677 Thread 0x00007fb2751d4800 Exception <a 'netscape/javascript/JSException'> (0x000000076b0a7de8) thrown at [/Users/java_re/workspace/8-2-build-macosx-x86_64/jdk8u121/8372/hotspot/src/share/vm/prims/jni.cpp, line 709]
Event: 30.677 Thread 0x00007fb2751d4800 Exception <a 'java/lang/reflect/InvocationTargetException'> (0x000000076b0a82a8) thrown at [/Users/java_re/workspace/8-2-build-macosx-x86_64/jdk8u121/8372/hotspot/src/share/vm/runtime/reflection.cpp, line 1092]
Event: 30.677 Thread 0x00007fb2751d4800 Exception <a 'java/lang/reflect/InvocationTargetException'> (0x000000076b0a84b8) thrown at [/Users/java_re/workspace/8-2-build-macosx-x86_64/jdk8u121/8372/hotspot/src/share/vm/runtime/reflection.cpp, line 1092]
Event: 30.677 Thread 0x00007fb2751d4800 Exception <a 'java/security/PrivilegedActionException'> (0x000000076b0a86c8) thrown at [/Users/java_re/workspace/8-2-build-macosx-x86_64/jdk8u121/8372/hotspot/src/share/vm/prims/jvm.cpp, line 1390]

Events (10 events):
Event: 31.975 Thread 0x00007fb2751d4800 Thread exited: 0x00007fb2751d4800
Event: 31.975 loading class java/util/IdentityHashMap$KeySet
Event: 31.975 loading class java/util/IdentityHashMap$KeySet done
Event: 31.975 loading class java/util/IdentityHashMap$KeyIterator
Event: 31.975 loading class java/util/IdentityHashMap$IdentityHashMapIterator
Event: 31.975 loading class java/util/IdentityHashMap$IdentityHashMapIterator done
Event: 31.975 loading class java/util/IdentityHashMap$KeyIterator done
Event: 31.975 Thread 0x00007fb272a9c800 Thread added: 0x00007fb272a9c800
Event: 31.976 Thread 0x00007fb272a9c800 Thread exited: 0x00007fb272a9c800
Event: 31.976 Thread 0x00007fb273809000 Thread exited: 0x00007fb273809000


Dynamic libraries:
0x0000000005956000 	/System/Library/Frameworks/Cocoa.framework/Versions/A/Cocoa
0x0000000005956000 	/System/Library/Frameworks/Security.framework/Versions/A/Security
0x0000000005956000 	/System/Library/Frameworks/ApplicationServices.framework/Versions/A/ApplicationServices
0x0000000005956000 	/usr/lib/libz.1.dylib
0x0000000005956000 	/usr/lib/libSystem.B.dylib
0x0000000005956000 	/usr/lib/libobjc.A.dylib
0x0000000005956000 	/System/Library/Frameworks/CoreFoundation.framework/Versions/A/CoreFoundation
0x0000000005956000 	/System/Library/Frameworks/Foundation.framework/Versions/C/Foundation
0x0000000005956000 	/System/Library/Frameworks/AppKit.framework/Versions/C/AppKit
0x0000000005956000 	/System/Library/Frameworks/CoreData.framework/Versions/A/CoreData
0x0000000005956000 	/System/Library/PrivateFrameworks/UIFoundation.framework/Versions/A/UIFoundation
0x0000000005956000 	/System/Library/PrivateFrameworks/RemoteViewServices.framework/Versions/A/RemoteViewServices
0x0000000005956000 	/System/Library/PrivateFrameworks/XCTTargetBootstrap.framework/Versions/A/XCTTargetBootstrap
0x0000000005956000 	/System/Library/Frameworks/CoreDisplay.framework/Versions/A/CoreDisplay
0x0000000005956000 	/System/Library/Frameworks/Metal.framework/Versions/A/Metal
0x0000000005956000 	/System/Library/PrivateFrameworks/DesktopServicesPriv.framework/Versions/A/DesktopServicesPriv
0x0000000005956000 	/usr/lib/liblangid.dylib
0x0000000005956000 	/System/Library/PrivateFrameworks/CoreSVG.framework/Versions/A/CoreSVG
0x0000000005956000 	/System/Library/PrivateFrameworks/SkyLight.framework/Versions/A/SkyLight
0x0000000005956000 	/System/Library/Frameworks/CoreGraphics.framework/Versions/A/CoreGraphics
0x0000000005956000 	/System/Library/Frameworks/Accelerate.framework/Versions/A/Accelerate
0x0000000005956000 	/usr/lib/libxml2.2.dylib
0x0000000005956000 	/System/Library/PrivateFrameworks/IconServices.framework/Versions/A/IconServices
0x0000000005956000 	/System/Library/Frameworks/IOSurface.framework/Versions/A/IOSurface
0x0000000005956000 	/usr/lib/libDiagnosticMessagesClient.dylib
0x0000000005956000 	/System/Library/PrivateFrameworks/DFRFoundation.framework/Versions/A/DFRFoundation
0x0000000005956000 	/usr/lib/libicucore.A.dylib
0x0000000005956000 	/System/Library/Frameworks/AudioToolbox.framework/Versions/A/AudioToolbox
0x0000000005956000 	/System/Library/Frameworks/AudioUnit.framework/Versions/A/AudioUnit
0x0000000005956000 	/usr/lib/libauto.dylib
0x0000000005956000 	/System/Library/PrivateFrameworks/DataDetectorsCore.framework/Versions/A/DataDetectorsCore
0x0000000005956000 	/System/Library/Frameworks/Carbon.framework/Versions/A/Frameworks/HIToolbox.framework/Versions/A/HIToolbox
0x0000000005956000 	/System/Library/Frameworks/QuartzCore.framework/Versions/A/QuartzCore
0x0000000005956000 	/System/Library/Frameworks/Carbon.framework/Versions/A/Frameworks/SpeechRecognition.framework/Versions/A/SpeechRecognition
0x0000000005956000 	/System/Library/PrivateFrameworks/CoreUI.framework/Versions/A/CoreUI
0x0000000005956000 	/System/Library/Frameworks/CoreAudio.framework/Versions/A/CoreAudio
0x0000000005956000 	/System/Library/Frameworks/DiskArbitration.framework/Versions/A/DiskArbitration
0x0000000005956000 	/System/Library/PrivateFrameworks/MultitouchSupport.framework/Versions/A/MultitouchSupport
0x0000000005956000 	/usr/lib/libenergytrace.dylib
0x0000000005956000 	/System/Library/Frameworks/IOKit.framework/Versions/A/IOKit
0x0000000005956000 	/System/Library/Frameworks/CoreServices.framework/Versions/A/CoreServices
0x0000000005956000 	/System/Library/PrivateFrameworks/PerformanceAnalysis.framework/Versions/A/PerformanceAnalysis
0x0000000005956000 	/System/Library/Frameworks/OpenGL.framework/Versions/A/OpenGL
0x0000000005956000 	/System/Library/Frameworks/ColorSync.framework/Versions/A/ColorSync
0x0000000005956000 	/System/Library/Frameworks/CoreImage.framework/Versions/A/CoreImage
0x0000000005956000 	/System/Library/Frameworks/CoreText.framework/Versions/A/CoreText
0x0000000005956000 	/System/Library/Frameworks/ImageIO.framework/Versions/A/ImageIO
0x0000000005956000 	/usr/lib/libc++.1.dylib
0x0000000005956000 	/usr/lib/libcompression.dylib
0x0000000005956000 	/usr/lib/libMobileGestalt.dylib
0x0000000005956000 	/System/Library/PrivateFrameworks/TextureIO.framework/Versions/A/TextureIO
0x0000000005956000 	/usr/lib/libate.dylib
0x0000000005956000 	/System/Library/PrivateFrameworks/InternationalSupport.framework/Versions/A/InternationalSupport
0x0000000005956000 	/usr/lib/system/libcache.dylib
0x0000000005956000 	/usr/lib/system/libcommonCrypto.dylib
0x0000000005956000 	/usr/lib/system/libcompiler_rt.dylib
0x0000000005956000 	/usr/lib/system/libcopyfile.dylib
0x0000000005956000 	/usr/lib/system/libcorecrypto.dylib
0x0000000005956000 	/usr/lib/system/libdispatch.dylib
0x0000000005956000 	/usr/lib/system/libdyld.dylib
0x0000000005956000 	/usr/lib/system/libkeymgr.dylib
0x0000000005956000 	/usr/lib/system/liblaunch.dylib
0x0000000005956000 	/usr/lib/system/libmacho.dylib
0x0000000005956000 	/usr/lib/system/libquarantine.dylib
0x0000000005956000 	/usr/lib/system/libremovefile.dylib
0x0000000005956000 	/usr/lib/system/libsystem_asl.dylib
0x0000000005956000 	/usr/lib/system/libsystem_blocks.dylib
0x0000000005956000 	/usr/lib/system/libsystem_c.dylib
0x0000000005956000 	/usr/lib/system/libsystem_configuration.dylib
0x0000000005956000 	/usr/lib/system/libsystem_coreservices.dylib
0x0000000005956000 	/usr/lib/system/libsystem_darwin.dylib
0x0000000005956000 	/usr/lib/system/libsystem_dnssd.dylib
0x0000000005956000 	/usr/lib/system/libsystem_featureflags.dylib
0x0000000005956000 	/usr/lib/system/libsystem_info.dylib
0x0000000005956000 	/usr/lib/system/libsystem_m.dylib
0x0000000005956000 	/usr/lib/system/libsystem_malloc.dylib
0x0000000005956000 	/usr/lib/system/libsystem_networkextension.dylib
0x0000000005956000 	/usr/lib/system/libsystem_notify.dylib
0x0000000005956000 	/usr/lib/system/libsystem_sandbox.dylib
0x0000000005956000 	/usr/lib/system/libsystem_secinit.dylib
0x0000000005956000 	/usr/lib/system/libsystem_kernel.dylib
0x0000000005956000 	/usr/lib/system/libsystem_platform.dylib
0x0000000005956000 	/usr/lib/system/libsystem_pthread.dylib
0x0000000005956000 	/usr/lib/system/libsystem_symptoms.dylib
0x0000000005956000 	/usr/lib/system/libsystem_trace.dylib
0x0000000005956000 	/usr/lib/system/libunwind.dylib
0x0000000005956000 	/usr/lib/system/libxpc.dylib
0x0000000005956000 	/usr/lib/libc++abi.dylib
0x0000000005956000 	/usr/lib/liblzma.5.dylib
0x0000000005956000 	/usr/lib/libfakelink.dylib
0x0000000005956000 	/usr/lib/libarchive.2.dylib
0x0000000005956000 	/System/Library/Frameworks/SystemConfiguration.framework/Versions/A/SystemConfiguration
0x0000000005956000 	/usr/lib/libCRFSuite.dylib
0x0000000005956000 	/System/Library/Frameworks/CFNetwork.framework/Versions/A/CFNetwork
0x0000000005956000 	/usr/lib/libbsm.0.dylib
0x0000000005956000 	/usr/lib/system/libkxld.dylib
0x0000000005956000 	/System/Library/PrivateFrameworks/AppleFSCompression.framework/Versions/A/AppleFSCompression
0x0000000005956000 	/usr/lib/libcoretls.dylib
0x0000000005956000 	/usr/lib/libcoretls_cfhelpers.dylib
0x0000000005956000 	/usr/lib/libpam.2.dylib
0x0000000005956000 	/usr/lib/libsqlite3.dylib
0x0000000005956000 	/usr/lib/libxar.1.dylib
0x0000000005956000 	/usr/lib/libbz2.1.0.dylib
0x0000000005956000 	/usr/lib/libiconv.2.dylib
0x0000000005956000 	/usr/lib/libcharset.1.dylib
0x0000000005956000 	/usr/lib/libnetwork.dylib
0x0000000005956000 	/usr/lib/libpcap.A.dylib
0x0000000005956000 	/usr/lib/libapple_nghttp2.dylib
0x0000000005956000 	/System/Library/Frameworks/CoreServices.framework/Versions/A/Frameworks/FSEvents.framework/Versions/A/FSEvents
0x0000000005956000 	/System/Library/Frameworks/CoreServices.framework/Versions/A/Frameworks/CarbonCore.framework/Versions/A/CarbonCore
0x0000000005956000 	/System/Library/Frameworks/CoreServices.framework/Versions/A/Frameworks/Metadata.framework/Versions/A/Metadata
0x0000000005956000 	/System/Library/Frameworks/CoreServices.framework/Versions/A/Frameworks/OSServices.framework/Versions/A/OSServices
0x0000000005956000 	/System/Library/Frameworks/CoreServices.framework/Versions/A/Frameworks/SearchKit.framework/Versions/A/SearchKit
0x0000000005956000 	/System/Library/Frameworks/CoreServices.framework/Versions/A/Frameworks/AE.framework/Versions/A/AE
0x0000000005956000 	/System/Library/Frameworks/CoreServices.framework/Versions/A/Frameworks/LaunchServices.framework/Versions/A/LaunchServices
0x0000000005956000 	/System/Library/Frameworks/CoreServices.framework/Versions/A/Frameworks/DictionaryServices.framework/Versions/A/DictionaryServices
0x0000000005956000 	/System/Library/Frameworks/CoreServices.framework/Versions/A/Frameworks/SharedFileList.framework/Versions/A/SharedFileList
0x0000000005956000 	/System/Library/Frameworks/NetFS.framework/Versions/A/NetFS
0x0000000005956000 	/System/Library/PrivateFrameworks/NetAuth.framework/Versions/A/NetAuth
0x0000000005956000 	/System/Library/PrivateFrameworks/login.framework/Versions/A/Frameworks/loginsupport.framework/Versions/A/loginsupport
0x0000000005956000 	/System/Library/PrivateFrameworks/TCC.framework/Versions/A/TCC
0x0000000005956000 	/System/Library/PrivateFrameworks/CoreNLP.framework/Versions/A/CoreNLP
0x0000000005956000 	/System/Library/PrivateFrameworks/MetadataUtilities.framework/Versions/A/MetadataUtilities
0x0000000005956000 	/usr/lib/libmecabra.dylib
0x0000000005956000 	/usr/lib/libmecab.dylib
0x0000000005956000 	/usr/lib/libgermantok.dylib
0x0000000005956000 	/usr/lib/libThaiTokenizer.dylib
0x0000000005956000 	/usr/lib/libChineseTokenizer.dylib
0x0000000005956000 	/System/Library/Frameworks/Accelerate.framework/Versions/A/Frameworks/vImage.framework/Versions/A/vImage
0x0000000005956000 	/System/Library/Frameworks/Accelerate.framework/Versions/A/Frameworks/vecLib.framework/Versions/A/vecLib
0x0000000005956000 	/System/Library/Frameworks/Accelerate.framework/Versions/A/Frameworks/vecLib.framework/Versions/A/libvMisc.dylib
0x0000000005956000 	/System/Library/Frameworks/Accelerate.framework/Versions/A/Frameworks/vecLib.framework/Versions/A/libvDSP.dylib
0x0000000005956000 	/System/Library/Frameworks/Accelerate.framework/Versions/A/Frameworks/vecLib.framework/Versions/A/libBLAS.dylib
0x0000000005956000 	/System/Library/Frameworks/Accelerate.framework/Versions/A/Frameworks/vecLib.framework/Versions/A/libLAPACK.dylib
0x0000000005956000 	/System/Library/Frameworks/Accelerate.framework/Versions/A/Frameworks/vecLib.framework/Versions/A/libLinearAlgebra.dylib
0x0000000005956000 	/System/Library/Frameworks/Accelerate.framework/Versions/A/Frameworks/vecLib.framework/Versions/A/libSparseBLAS.dylib
0x0000000005956000 	/System/Library/Frameworks/Accelerate.framework/Versions/A/Frameworks/vecLib.framework/Versions/A/libQuadrature.dylib
0x0000000005956000 	/System/Library/Frameworks/Accelerate.framework/Versions/A/Frameworks/vecLib.framework/Versions/A/libBNNS.dylib
0x0000000005956000 	/System/Library/Frameworks/Accelerate.framework/Versions/A/Frameworks/vecLib.framework/Versions/A/libSparse.dylib
0x0000000005956000 	/System/Library/PrivateFrameworks/LanguageModeling.framework/Versions/A/LanguageModeling
0x0000000005956000 	/System/Library/PrivateFrameworks/CoreEmoji.framework/Versions/A/CoreEmoji
0x0000000005956000 	/System/Library/PrivateFrameworks/LinguisticData.framework/Versions/A/LinguisticData
0x0000000005956000 	/System/Library/PrivateFrameworks/Lexicon.framework/Versions/A/Lexicon
0x0000000005956000 	/usr/lib/libcmph.dylib
0x0000000005956000 	/System/Library/Frameworks/OpenDirectory.framework/Versions/A/Frameworks/CFOpenDirectory.framework/Versions/A/CFOpenDirectory
0x0000000005956000 	/System/Library/Frameworks/OpenDirectory.framework/Versions/A/OpenDirectory
0x0000000005956000 	/System/Library/PrivateFrameworks/APFS.framework/Versions/A/APFS
0x0000000005956000 	/System/Library/Frameworks/SecurityFoundation.framework/Versions/A/SecurityFoundation
0x0000000005956000 	/usr/lib/libutil.dylib
0x0000000005956000 	/System/Library/PrivateFrameworks/CoreServicesStore.framework/Versions/A/CoreServicesStore
0x0000000005956000 	/System/Library/Frameworks/ServiceManagement.framework/Versions/A/ServiceManagement
0x0000000005956000 	/System/Library/PrivateFrameworks/BackgroundTaskManagement.framework/Versions/A/BackgroundTaskManagement
0x0000000005956000 	/usr/lib/libxslt.1.dylib
0x0000000005956000 	/System/Library/PrivateFrameworks/AppleSystemInfo.framework/Versions/A/AppleSystemInfo
0x0000000005956000 	/System/Library/Frameworks/ImageIO.framework/Versions/A/Resources/libJPEG.dylib
0x0000000005956000 	/System/Library/Frameworks/ImageIO.framework/Versions/A/Resources/libTIFF.dylib
0x0000000005956000 	/System/Library/Frameworks/ImageIO.framework/Versions/A/Resources/libPng.dylib
0x0000000005956000 	/System/Library/Frameworks/ImageIO.framework/Versions/A/Resources/libGIF.dylib
0x0000000005956000 	/System/Library/Frameworks/ImageIO.framework/Versions/A/Resources/libJP2.dylib
0x0000000005956000 	/System/Library/Frameworks/ImageIO.framework/Versions/A/Resources/libRadiance.dylib
0x0000000005956000 	/usr/lib/libexpat.1.dylib
0x0000000005956000 	/System/Library/PrivateFrameworks/AppleJPEG.framework/Versions/A/AppleJPEG
0x0000000005956000 	/System/Library/PrivateFrameworks/FontServices.framework/libFontParser.dylib
0x0000000005956000 	/System/Library/PrivateFrameworks/WatchdogClient.framework/Versions/A/WatchdogClient
0x0000000005956000 	/System/Library/PrivateFrameworks/IOAccelerator.framework/Versions/A/IOAccelerator
0x0000000005956000 	/System/Library/Frameworks/MetalPerformanceShaders.framework/Versions/A/MetalPerformanceShaders
0x0000000005956000 	/System/Library/PrivateFrameworks/GPUWrangler.framework/Versions/A/GPUWrangler
0x0000000005956000 	/System/Library/PrivateFrameworks/IOPresentment.framework/Versions/A/IOPresentment
0x0000000005956000 	/System/Library/PrivateFrameworks/DSExternalDisplay.framework/Versions/A/DSExternalDisplay
0x0000000005956000 	/System/Library/Frameworks/OpenGL.framework/Versions/A/Libraries/libCoreFSCache.dylib
0x0000000005956000 	/System/Library/Frameworks/MetalPerformanceShaders.framework/Frameworks/MPSCore.framework/Versions/A/MPSCore
0x0000000005956000 	/System/Library/Frameworks/MetalPerformanceShaders.framework/Frameworks/MPSImage.framework/Versions/A/MPSImage
0x0000000005956000 	/System/Library/Frameworks/MetalPerformanceShaders.framework/Frameworks/MPSNeuralNetwork.framework/Versions/A/MPSNeuralNetwork
0x0000000005956000 	/System/Library/Frameworks/MetalPerformanceShaders.framework/Frameworks/MPSMatrix.framework/Versions/A/MPSMatrix
0x0000000005956000 	/System/Library/Frameworks/MetalPerformanceShaders.framework/Frameworks/MPSRayIntersector.framework/Versions/A/MPSRayIntersector
0x0000000005956000 	/System/Library/Frameworks/MetalPerformanceShaders.framework/Frameworks/MPSNDArray.framework/Versions/A/MPSNDArray
0x0000000005956000 	/System/Library/PrivateFrameworks/MetalTools.framework/Versions/A/MetalTools
0x0000000005956000 	/System/Library/PrivateFrameworks/AggregateDictionary.framework/Versions/A/AggregateDictionary
0x0000000005956000 	/System/Library/PrivateFrameworks/CoreAnalytics.framework/Versions/A/CoreAnalytics
0x0000000005956000 	/System/Library/PrivateFrameworks/AppleSauce.framework/Versions/A/AppleSauce
0x0000000005956000 	/usr/lib/libIOReport.dylib
0x0000000005956000 	/System/Library/Frameworks/CoreVideo.framework/Versions/A/CoreVideo
0x0000000005956000 	/System/Library/PrivateFrameworks/GraphVisualizer.framework/Versions/A/GraphVisualizer
0x0000000005956000 	/System/Library/PrivateFrameworks/FaceCore.framework/Versions/A/FaceCore
0x0000000005956000 	/System/Library/Frameworks/OpenCL.framework/Versions/A/OpenCL
0x0000000005956000 	/usr/lib/libFosl_dynamic.dylib
0x0000000005956000 	/System/Library/PrivateFrameworks/OTSVG.framework/Versions/A/OTSVG
0x0000000005956000 	/System/Library/Frameworks/ApplicationServices.framework/Versions/A/Frameworks/ATS.framework/Versions/A/Resources/libFontRegistry.dylib
0x0000000005956000 	/System/Library/PrivateFrameworks/FontServices.framework/libhvf.dylib
0x0000000005956000 	/System/Library/Frameworks/OpenGL.framework/Versions/A/Libraries/libGFXShared.dylib
0x0000000005956000 	/System/Library/Frameworks/OpenGL.framework/Versions/A/Libraries/libGLU.dylib
0x0000000005956000 	/System/Library/Frameworks/OpenGL.framework/Versions/A/Libraries/libGL.dylib
0x0000000005956000 	/System/Library/Frameworks/OpenGL.framework/Versions/A/Libraries/libGLImage.dylib
0x0000000005956000 	/System/Library/Frameworks/OpenGL.framework/Versions/A/Libraries/libCVMSPluginSupport.dylib
0x0000000005956000 	/System/Library/Frameworks/OpenGL.framework/Versions/A/Libraries/libCoreVMClient.dylib
0x0000000005956000 	/usr/lib/libncurses.5.4.dylib
0x0000000005956000 	/System/Library/Frameworks/ApplicationServices.framework/Versions/A/Frameworks/ATS.framework/Versions/A/ATS
0x0000000005956000 	/System/Library/Frameworks/ApplicationServices.framework/Versions/A/Frameworks/ColorSyncLegacy.framework/Versions/A/ColorSyncLegacy
0x0000000005956000 	/System/Library/Frameworks/ApplicationServices.framework/Versions/A/Frameworks/HIServices.framework/Versions/A/HIServices
0x0000000005956000 	/System/Library/Frameworks/ApplicationServices.framework/Versions/A/Frameworks/LangAnalysis.framework/Versions/A/LangAnalysis
0x0000000005956000 	/System/Library/Frameworks/ApplicationServices.framework/Versions/A/Frameworks/PrintCore.framework/Versions/A/PrintCore
0x0000000005956000 	/System/Library/Frameworks/ApplicationServices.framework/Versions/A/Frameworks/QD.framework/Versions/A/QD
0x0000000005956000 	/System/Library/Frameworks/ApplicationServices.framework/Versions/A/Frameworks/SpeechSynthesis.framework/Versions/A/SpeechSynthesis
0x0000000005956000 	/System/Library/Frameworks/ApplicationServices.framework/Versions/A/Frameworks/ATSUI.framework/Versions/A/ATSUI
0x0000000005956000 	/usr/lib/libcups.2.dylib
0x0000000005956000 	/System/Library/Frameworks/Kerberos.framework/Versions/A/Kerberos
0x0000000005956000 	/System/Library/Frameworks/GSS.framework/Versions/A/GSS
0x0000000005956000 	/usr/lib/libresolv.9.dylib
0x0000000005956000 	/System/Library/PrivateFrameworks/Heimdal.framework/Versions/A/Heimdal
0x0000000005956000 	/System/Library/Frameworks/Kerberos.framework/Versions/A/Libraries/libHeimdalProxy.dylib
0x0000000005956000 	/usr/lib/libheimdal-asn1.dylib
0x0000000005956000 	/System/Library/PrivateFrameworks/CommonAuth.framework/Versions/A/CommonAuth
0x0000000005956000 	/System/Library/PrivateFrameworks/AssertionServices.framework/Versions/A/AssertionServices
0x0000000005956000 	/System/Library/PrivateFrameworks/AudioToolboxCore.framework/Versions/A/AudioToolboxCore
0x0000000005956000 	/System/Library/PrivateFrameworks/caulk.framework/Versions/A/caulk
0x0000000005956000 	/System/Library/PrivateFrameworks/BaseBoard.framework/Versions/A/BaseBoard
0x0000000005956000 	/System/Library/PrivateFrameworks/RunningBoardServices.framework/Versions/A/RunningBoardServices
0x0000000005956000 	/System/Library/PrivateFrameworks/PersistentConnection.framework/Versions/A/PersistentConnection
0x0000000005956000 	/System/Library/PrivateFrameworks/ProtocolBuffer.framework/Versions/A/ProtocolBuffer
0x0000000005956000 	/System/Library/PrivateFrameworks/CommonUtilities.framework/Versions/A/CommonUtilities
0x0000000005956000 	/System/Library/PrivateFrameworks/Bom.framework/Versions/A/Bom
0x0000000005956000 	/usr/lib/libAudioToolboxUtility.dylib
0x0000000005956000 	/System/Library/PrivateFrameworks/Backup.framework/Versions/A/Backup
0x0000000005956000 	/System/Library/PrivateFrameworks/CrashReporterSupport.framework/Versions/A/CrashReporterSupport
0x0000000005956000 	/System/Library/PrivateFrameworks/Sharing.framework/Versions/A/Sharing
0x0000000005956000 	/System/Library/PrivateFrameworks/Apple80211.framework/Versions/A/Apple80211
0x0000000005956000 	/System/Library/PrivateFrameworks/AuthKit.framework/Versions/A/AuthKit
0x0000000005956000 	/System/Library/PrivateFrameworks/CoreUtils.framework/Versions/A/CoreUtils
0x0000000005956000 	/System/Library/Frameworks/CoreWLAN.framework/Versions/A/CoreWLAN
0x0000000005956000 	/System/Library/Frameworks/IOBluetooth.framework/Versions/A/IOBluetooth
0x0000000005956000 	/System/Library/PrivateFrameworks/MobileKeyBag.framework/Versions/A/MobileKeyBag
0x0000000005956000 	/System/Library/PrivateFrameworks/CorePhoneNumbers.framework/Versions/A/CorePhoneNumbers
0x0000000005956000 	/System/Library/PrivateFrameworks/AppleIDAuthSupport.framework/Versions/A/AppleIDAuthSupport
0x0000000005956000 	/System/Library/Frameworks/Network.framework/Versions/A/Network
0x0000000005956000 	/System/Library/PrivateFrameworks/KeychainCircle.framework/Versions/A/KeychainCircle
0x0000000005956000 	/System/Library/Frameworks/CoreBluetooth.framework/Versions/A/CoreBluetooth
0x0000000005956000 	/System/Library/PrivateFrameworks/SpeechRecognitionCore.framework/Versions/A/SpeechRecognitionCore
0x0000000105400000 	/Library/Java/JavaVirtualMachines/jdk1.8.0_121.jdk/Contents/Home/jre/lib/server/libjvm.dylib
0x0000000005956000 	/usr/lib/libstdc++.6.dylib
0x00000001043c0000 	/Library/Java/JavaVirtualMachines/jdk1.8.0_121.jdk/Contents/Home/jre/lib/libverify.dylib
0x00000001063a2000 	/Library/Java/JavaVirtualMachines/jdk1.8.0_121.jdk/Contents/Home/jre/lib/libjava.dylib
0x00000001063d7000 	/Library/Java/JavaVirtualMachines/jdk1.8.0_121.jdk/Contents/Home/jre/lib/libjdwp.dylib
0x00000001043cf000 	/Library/Java/JavaVirtualMachines/jdk1.8.0_121.jdk/Contents/Home/jre/lib/libnpt.dylib
0x00000001043dc000 	/Library/Java/JavaVirtualMachines/jdk1.8.0_121.jdk/Contents/Home/jre/lib/libzip.dylib
0x0000000005956000 	/System/Library/Frameworks/JavaVM.framework/Versions/A/Frameworks/JavaRuntimeSupport.framework/Versions/A/JavaRuntimeSupport
0x0000000005956000 	/System/Library/Frameworks/JavaVM.framework/Versions/A/Frameworks/JavaNativeFoundation.framework/Versions/A/JavaNativeFoundation
0x0000000005956000 	/System/Library/Frameworks/JavaVM.framework/Versions/A/JavaVM
0x0000000005956000 	/System/Library/Frameworks/Carbon.framework/Versions/A/Carbon
0x0000000005956000 	/System/Library/PrivateFrameworks/CoreSymbolication.framework/Versions/A/CoreSymbolication
0x0000000005956000 	/System/Library/PrivateFrameworks/JavaLaunching.framework/Versions/A/JavaLaunching
0x0000000005956000 	/System/Library/Frameworks/Carbon.framework/Versions/A/Frameworks/CommonPanels.framework/Versions/A/CommonPanels
0x0000000005956000 	/System/Library/Frameworks/Carbon.framework/Versions/A/Frameworks/Help.framework/Versions/A/Help
0x0000000005956000 	/System/Library/Frameworks/Carbon.framework/Versions/A/Frameworks/ImageCapture.framework/Versions/A/ImageCapture
0x0000000005956000 	/System/Library/Frameworks/Carbon.framework/Versions/A/Frameworks/OpenScripting.framework/Versions/A/OpenScripting
0x0000000005956000 	/System/Library/Frameworks/Carbon.framework/Versions/A/Frameworks/Ink.framework/Versions/A/Ink
0x0000000005956000 	/System/Library/Frameworks/Carbon.framework/Versions/A/Frameworks/Print.framework/Versions/A/Print
0x0000000005956000 	/System/Library/Frameworks/Carbon.framework/Versions/A/Frameworks/SecurityHI.framework/Versions/A/SecurityHI
0x0000000005956000 	/System/Library/PrivateFrameworks/DebugSymbols.framework/Versions/A/DebugSymbols
0x0000000109947000 	/Library/Java/JavaVirtualMachines/jdk1.8.0_121.jdk/Contents/Home/jre/lib/libdt_socket.dylib
0x00000001232de000 	/Library/Java/JavaVirtualMachines/jdk1.8.0_121.jdk/Contents/Home/jre/lib/libprism_es2.dylib
0x0000000005956000 	/System/Library/PrivateFrameworks/CoreServicesInternal.framework/Versions/A/CoreServicesInternal
0x0000000005956000 	/System/Library/Frameworks/OpenGL.framework/Versions/A/Resources/GLEngine.bundle/GLEngine
0x0000000005956000 	/System/Library/Frameworks/OpenGL.framework/Versions/A/Libraries/libGLProgrammability.dylib
0x0000000005956000 	/System/Library/Extensions/AppleIntelHD5000GraphicsGLDriver.bundle/Contents/MacOS/AppleIntelHD5000GraphicsGLDriver
0x0000000005956000 	/System/Library/PrivateFrameworks/GPUSupport.framework/Versions/A/Libraries/libGPUSupportMercury.dylib
0x0000000005956000 	/System/Library/Frameworks/OpenGL.framework/Versions/A/Resources/GLRendererFloat.bundle/GLRendererFloat
0x0000000005956000 	/System/Library/Frameworks/OpenCL.framework/Versions/A/Libraries/libcldcpuengine.dylib
0x00000001237e8000 	/Library/Java/JavaVirtualMachines/jdk1.8.0_121.jdk/Contents/Home/jre/lib/libglass.dylib
0x0000000005956000 	/System/Library/Frameworks/FileProvider.framework/Versions/A/FileProvider
0x0000000005956000 	/System/Library/Frameworks/Accounts.framework/Versions/A/Accounts
0x0000000005956000 	/System/Library/PrivateFrameworks/GenerationalStorage.framework/Versions/A/GenerationalStorage
0x0000000005956000 	/System/Library/PrivateFrameworks/SymptomDiagnosticReporter.framework/Versions/A/SymptomDiagnosticReporter
0x0000000005956000 	/System/Library/PrivateFrameworks/AppContainer.framework/Versions/A/AppContainer
0x0000000005956000 	/usr/lib/libsandbox.1.dylib
0x0000000005956000 	/System/Library/PrivateFrameworks/UserManagement.framework/Versions/A/UserManagement
0x0000000005956000 	/System/Library/PrivateFrameworks/ChunkingLibrary.framework/Versions/A/ChunkingLibrary
0x0000000005956000 	/System/Library/PrivateFrameworks/AppSandbox.framework/Versions/A/AppSandbox
0x0000000005956000 	/System/Library/PrivateFrameworks/SecCodeWrapper.framework/Versions/A/SecCodeWrapper
0x0000000005956000 	/usr/lib/libMatch.1.dylib
0x0000000005956000 	/System/Library/CoreServices/RawCamera.bundle/Contents/MacOS/RawCamera
0x0000000005956000 	/System/Library/PrivateFrameworks/MobileAsset.framework/Versions/A/MobileAsset
0x0000000005956000 	/System/Library/PrivateFrameworks/StreamingZip.framework/Versions/A/StreamingZip
0x0000000005956000 	/System/Library/Frameworks/MediaToolbox.framework/Versions/A/MediaToolbox
0x0000000005956000 	/System/Library/PrivateFrameworks/CoreAVCHD.framework/Versions/A/CoreAVCHD
0x0000000005956000 	/System/Library/Frameworks/MediaAccessibility.framework/Versions/A/MediaAccessibility
0x0000000005956000 	/System/Library/PrivateFrameworks/Mangrove.framework/Versions/A/Mangrove
0x0000000005956000 	/System/Library/Frameworks/CoreMedia.framework/Versions/A/CoreMedia
0x0000000005956000 	/System/Library/PrivateFrameworks/MediaExperience.framework/Versions/A/MediaExperience
0x0000000005956000 	/System/Library/Frameworks/VideoToolbox.framework/Versions/A/VideoToolbox
0x0000000005956000 	/System/Library/PrivateFrameworks/CoreAUC.framework/Versions/A/CoreAUC
0x0000000005956000 	/usr/lib/libspindump.dylib
0x0000000005956000 	/System/Library/PrivateFrameworks/AudioResourceArbitration.framework/Versions/A/AudioResourceArbitration
0x0000000005956000 	/System/Library/PrivateFrameworks/AppleVA.framework/Versions/A/AppleVA
0x0000000005956000 	/System/Library/Frameworks/Accelerate.framework/Versions/A/Frameworks/vImage.framework/Versions/A/Libraries/libCGInterfaces.dylib
0x000000012425b000 	/usr/lib/libobjc-trampolines.dylib
0x0000000005956000 	/System/Library/PrivateFrameworks/FamilyControls.framework/Versions/A/FamilyControls
0x0000000005956000 	/System/Library/PrivateFrameworks/CommerceKit.framework/Versions/A/Frameworks/CommerceCore.framework/Versions/A/CommerceCore
0x0000000005956000 	/System/Library/PrivateFrameworks/SystemAdministration.framework/Versions/A/SystemAdministration
0x0000000005956000 	/System/Library/PrivateFrameworks/DiskManagement.framework/Versions/A/DiskManagement
0x0000000005956000 	/System/Library/Frameworks/DirectoryService.framework/Versions/A/DirectoryService
0x0000000005956000 	/System/Library/PrivateFrameworks/DiskImages.framework/Versions/A/DiskImages
0x0000000005956000 	/System/Library/PrivateFrameworks/LoginUIKit.framework/Versions/A/Frameworks/LoginUICore.framework/Versions/A/LoginUICore
0x0000000005956000 	/usr/lib/libCoreStorage.dylib
0x0000000005956000 	/usr/lib/libcsfde.dylib
0x0000000005956000 	/usr/lib/libodfde.dylib
0x0000000005956000 	/System/Library/PrivateFrameworks/MediaKit.framework/Versions/A/MediaKit
0x0000000005956000 	/System/Library/Frameworks/DiscRecording.framework/Versions/A/DiscRecording
0x0000000005956000 	/System/Library/PrivateFrameworks/EFILogin.framework/Versions/A/EFILogin
0x0000000005956000 	/System/Library/PrivateFrameworks/ProtectedCloudStorage.framework/Versions/A/ProtectedCloudStorage
0x0000000005956000 	/usr/lib/libcurl.4.dylib
0x0000000005956000 	/usr/lib/libcrypto.44.dylib
0x0000000005956000 	/usr/lib/libssl.46.dylib
0x0000000005956000 	/System/Library/Frameworks/LDAP.framework/Versions/A/LDAP
0x0000000005956000 	/System/Library/PrivateFrameworks/TrustEvaluationAgent.framework/Versions/A/TrustEvaluationAgent
0x0000000005956000 	/usr/lib/libsasl2.2.dylib
0x0000000005956000 	/System/Library/PrivateFrameworks/CoreDaemon.framework/Versions/B/CoreDaemon
0x0000000005956000 	/System/Library/PrivateFrameworks/AppleSRP.framework/Versions/A/AppleSRP
0x0000000005956000 	/System/Library/PrivateFrameworks/ViewBridge.framework/Versions/A/ViewBridge
0x0000000005956000 	/System/Library/PrivateFrameworks/FontServices.framework/libTrueTypeScaler.dylib
0x0000000005956000 	/System/Library/Extensions/AppleIntelHD5000GraphicsMTLDriver.bundle/Contents/MacOS/AppleIntelHD5000GraphicsMTLDriver
0x0000000005956000 	/System/Library/PrivateFrameworks/GPUCompiler.framework/Versions/3902/Libraries/libmetal_timestamp.dylib
0x000000012657c000 	/Library/Java/JavaVirtualMachines/jdk1.8.0_121.jdk/Contents/Home/jre/lib/libjfxwebkit.dylib
0x000000012551d000 	/Library/Java/JavaVirtualMachines/jdk1.8.0_121.jdk/Contents/Home/jre/lib/libnio.dylib
0x00000001280a6000 	/Library/Java/JavaVirtualMachines/jdk1.8.0_121.jdk/Contents/Home/jre/lib/libnet.dylib
0x00000001261e1000 	/Library/Java/JavaVirtualMachines/jdk1.8.0_121.jdk/Contents/Home/jre/lib/libjavafx_font.dylib
0x0000000005956000 	/System/Library/PrivateFrameworks/login.framework/Versions/A/login
0x0000000005956000 	/System/Library/PrivateFrameworks/HDRProcessing.framework/Versions/A/HDRProcessing
0x000000012ccfe000 	/Library/Java/JavaVirtualMachines/jdk1.8.0_121.jdk/Contents/Home/jre/lib/libsunec.dylib

VM Arguments:
jvm_args: -agentlib:jdwp=transport=dt_socket,suspend=y,address=localhost:62675 -Dfile.encoding=UTF-8 
java_command: ParkingApp.GUI
java_class_path (initial): /Users/McCallum_Liam/Desktop/Schoolwork/CSC/Capstone/ParkingApp:/Users/McCallum_Liam/Downloads/mysql-connector-java-5.1.48/mysql-connector-java-5.1.48-bin.jar:/Users/McCallum_Liam/Downloads/rterp-GMapsFX-4623d3f/GMapsFX/target/classes:/Users/McCallum_Liam/Downloads/rterp-GMapsFX-4623d3f/GMapsFX/target/test-classes:/Users/McCallum_Liam/.m2/repository/org/slf4j/slf4j-api/1.7.23/slf4j-api-1.7.23.jar:/Users/McCallum_Liam/.m2/repository/ch/qos/logback/logback-classic/1.2.1/logback-classic-1.2.1.jar:/Users/McCallum_Liam/.m2/repository/ch/qos/logback/logback-core/1.2.1/logback-core-1.2.1.jar:/Users/McCallum_Liam/.m2/repository/junit/junit/4.10/junit-4.10.jar:/Users/McCallum_Liam/.m2/repository/org/hamcrest/hamcrest-core/1.1/hamcrest-core-1.1.jar:/Users/McCallum_Liam/.m2/repository/org/mockito/mockito-core/2.7.17/mockito-core-2.7.17.jar:/Users/McCallum_Liam/.m2/repository/net/bytebuddy/byte-buddy/1.6.11/byte-buddy-1.6.11.jar:/Users/McCallum_Liam/.m2/repository/net/bytebuddy/byte-buddy-agent/1.6.11/byte-buddy-agent-1.6.11.jar:/Users/McCallum_Liam/.m2/repository/org/objenesis/objenesis/2.5/objenesis-2.5.jar
Launcher Type: SUN_STANDARD

Environment Variables:
PATH=/usr/bin:/bin:/usr/sbin:/sbin
SHELL=/bin/bash

Signal Handlers:
SIGSEGV: [libjvm.dylib+0x5b1141], sa_mask[0]=11111111011111110111111111111111, sa_flags=SA_ONSTACK|SA_RESTART|SA_SIGINFO
SIGBUS: [libjvm.dylib+0x5b1141], sa_mask[0]=11111111011111110111111111111111, sa_flags=SA_RESTART|SA_SIGINFO
SIGFPE: [libjvm.dylib+0x487bc4], sa_mask[0]=11111111011111110111111111111111, sa_flags=SA_RESTART|SA_SIGINFO
SIGPIPE: [libjvm.dylib+0x487bc4], sa_mask[0]=11111111011111110111111111111111, sa_flags=SA_RESTART|SA_SIGINFO
SIGXFSZ: [libjvm.dylib+0x487bc4], sa_mask[0]=11111111011111110111111111111111, sa_flags=SA_RESTART|SA_SIGINFO
SIGILL: [libjvm.dylib+0x487bc4], sa_mask[0]=11111111011111110111111111111111, sa_flags=SA_RESTART|SA_SIGINFO
SIGUSR1: SIG_DFL, sa_mask[0]=00000000000000000000000000000000, sa_flags=none
SIGUSR2: [libjvm.dylib+0x4876e2], sa_mask[0]=00100000000000000000000000000000, sa_flags=SA_RESTART|SA_SIGINFO
SIGHUP: [libjvm.dylib+0x485cb9], sa_mask[0]=11111111011111110111111111111111, sa_flags=SA_RESTART|SA_SIGINFO
SIGINT: [libjvm.dylib+0x485cb9], sa_mask[0]=11111111011111110111111111111111, sa_flags=SA_RESTART|SA_SIGINFO
SIGTERM: [libjvm.dylib+0x485cb9], sa_mask[0]=11111111011111110111111111111111, sa_flags=SA_RESTART|SA_SIGINFO
SIGQUIT: [libjvm.dylib+0x485cb9], sa_mask[0]=11111111011111110111111111111111, sa_flags=SA_RESTART|SA_SIGINFO


---------------  S Y S T E M  ---------------

OS:Bsduname:Darwin 19.4.0 Darwin Kernel Version 19.4.0: Wed Mar  4 22:28:40 PST 2020; root:xnu-6153.101.6~15/RELEASE_X86_64 x86_64
rlimit: STACK 8192k, CORE 0k, NPROC 2784, NOFILE 10240, AS infinity
load average:2.59 2.31 2.34

CPU:total 8 (4 cores per cpu, 2 threads per core) family 6 model 70 stepping 1, cmov, cx8, fxsr, mmx, sse, sse2, sse3, ssse3, sse4.1, sse4.2, popcnt, avx, avx2, aes, clmul, erms, lzcnt, ht, tsc, tscinvbit, bmi1, bmi2

Memory: 4k page, physical 16777216k(719952k free)

/proc/meminfo:


vm_info: Java HotSpot(TM) 64-Bit Server VM (25.121-b13) for bsd-amd64 JRE (1.8.0_121-b13), built on Dec 12 2016 20:39:32 by "java_re" with gcc 4.2.1 (Based on Apple Inc. build 5658) (LLVM build 2336.11.00)

time: Wed May  6 16:40:17 2020
elapsed time: 32 seconds (0d 0h 0m 32s)

